#
# There is insufficient memory for the Java Runtime Environment to continue.
# Native memory allocation (malloc) failed to allocate 153488 bytes for Chunk::new
# Possible reasons:
#   The system is out of physical RAM or swap space
#   The process is running with CompressedOops enabled, and the Java Heap may be blocking the growth of the native heap
# Possible solutions:
#   Reduce memory load on the system
#   Increase physical memory or swap space
#   Check if swap backing store is full
#   Decrease Java heap size (-Xmx/-Xms)
#   Decrease number of Java threads
#   Decrease Java thread stack sizes (-Xss)
#   Set larger code cache with -XX:ReservedCodeCacheSize=
#   JVM is running with Unscaled Compressed Oops mode in which the Java heap is
#     placed in the first 4GB address space. The Java Heap base address is the
#     maximum limit for the native heap growth. Please use -XX:HeapBaseMinAddress
#     to set the Java Heap base and to place the Java Heap above 4GB virtual address.
# This output file may be truncated or incomplete.
#
#  Out of Memory Error (arena.cpp:189), pid=10752, tid=14436
#
# JRE version: OpenJDK Runtime Environment (17.0.6) (build 17.0.6+0-b2043.56-10027231)
# Java VM: OpenJDK 64-Bit Server VM (17.0.6+0-b2043.56-10027231, mixed mode, tiered, compressed oops, compressed class ptrs, g1 gc, windows-amd64)
# No core dump will be written. Minidumps are not enabled by default on client versions of Windows
#

---------------  S U M M A R Y ------------

Command Line: org.jetbrains.kotlin.cli.jvm.K2JVMCompiler @C:\Android_Studio\Tugas\App\app\build\20231207_304310627980864465.compiler.options

Host: Intel(R) Celeron(R) N4020 CPU @ 1.10GHz, 2 cores, 3G,  Windows 11 , 64 bit Build 22621 (10.0.22621.2506)
Time: Thu Dec  7 03:53:40 2023 SE Asia Standard Time elapsed time: 40.475421 seconds (0d 0h 0m 40s)

---------------  T H R E A D  ---------------

Current thread (0x00000235fff4cd90):  JavaThread "C2 CompilerThread0" daemon [_thread_in_native, id=14436, stack(0x0000006903100000,0x0000006903200000)]


Current CompileTask:
C2:  40475 5371       4       org.jetbrains.kotlin.resolve.DescriptorUtils::getFqName (29 bytes)

Stack: [0x0000006903100000,0x0000006903200000]
Native frames: (J=compiled Java code, j=interpreted, Vv=VM code, C=native code)
V  [jvm.dll+0x683c9a]
V  [jvm.dll+0x8427a4]
V  [jvm.dll+0x843f9e]
V  [jvm.dll+0x844603]
V  [jvm.dll+0x249b75]
V  [jvm.dll+0xabcac]
V  [jvm.dll+0xac27c]
V  [jvm.dll+0x368857]
V  [jvm.dll+0x1bced2]
V  [jvm.dll+0x21c359]
V  [jvm.dll+0x21b621]
V  [jvm.dll+0x1a4fdd]
V  [jvm.dll+0x22b098]
V  [jvm.dll+0x229159]
V  [jvm.dll+0x7f81ec]
V  [jvm.dll+0x7f274a]
V  [jvm.dll+0x682ad5]
C  [ucrtbase.dll+0x29363]
C  [KERNEL32.DLL+0x1257d]
C  [ntdll.dll+0x5aa58]


---------------  P R O C E S S  ---------------

Threads class SMR info:
_java_thread_list=0x000002358386a420, length=12, elements={
0x00000235ec63be00, 0x00000235ec6fa1d0, 0x00000235ec6fb040, 0x00000235fff09d90,
0x00000235fff4a010, 0x00000235fff4b8e0, 0x00000235fff4c1a0, 0x00000235fff4cd90,
0x0000023583828030, 0x0000023583828540, 0x00000235838a4780, 0x00000235838d2030
}

Java Threads: ( => current thread )
  0x00000235ec63be00 JavaThread "main" [_thread_in_Java, id=460, stack(0x0000006902300000,0x0000006902400000)]
  0x00000235ec6fa1d0 JavaThread "Reference Handler" daemon [_thread_blocked, id=7828, stack(0x0000006902b00000,0x0000006902c00000)]
  0x00000235ec6fb040 JavaThread "Finalizer" daemon [_thread_blocked, id=13800, stack(0x0000006902c00000,0x0000006902d00000)]
  0x00000235fff09d90 JavaThread "Signal Dispatcher" daemon [_thread_blocked, id=12968, stack(0x0000006902d00000,0x0000006902e00000)]
  0x00000235fff4a010 JavaThread "Attach Listener" daemon [_thread_blocked, id=9700, stack(0x0000006902e00000,0x0000006902f00000)]
  0x00000235fff4b8e0 JavaThread "Service Thread" daemon [_thread_blocked, id=1748, stack(0x0000006902f00000,0x0000006903000000)]
  0x00000235fff4c1a0 JavaThread "Monitor Deflation Thread" daemon [_thread_blocked, id=6336, stack(0x0000006903000000,0x0000006903100000)]
=>0x00000235fff4cd90 JavaThread "C2 CompilerThread0" daemon [_thread_in_native, id=14436, stack(0x0000006903100000,0x0000006903200000)]
  0x0000023583828030 JavaThread "C1 CompilerThread0" daemon [_thread_blocked, id=5768, stack(0x0000006903200000,0x0000006903300000)]
  0x0000023583828540 JavaThread "Sweeper thread" daemon [_thread_blocked, id=14672, stack(0x0000006903300000,0x0000006903400000)]
  0x00000235838a4780 JavaThread "Notification Thread" daemon [_thread_blocked, id=6612, stack(0x0000006903400000,0x0000006903500000)]
  0x00000235838d2030 JavaThread "Common-Cleaner" daemon [_thread_blocked, id=4196, stack(0x0000006903600000,0x0000006903700000)]

Other Threads:
  0x00000235ec6dbd20 VMThread "VM Thread" [stack: 0x0000006902a00000,0x0000006902b00000] [id=2872]
  0x00000235838a4c50 WatcherThread [stack: 0x0000006903500000,0x0000006903600000] [id=4108]
  0x00000235ec673c50 GCTaskThread "GC Thread#0" [stack: 0x0000006902500000,0x0000006902600000] [id=12440]
  0x0000023583b49cc0 GCTaskThread "GC Thread#1" [stack: 0x0000006903700000,0x0000006903800000] [id=11244]
  0x00000235ec67c090 ConcurrentGCThread "G1 Main Marker" [stack: 0x0000006902600000,0x0000006902700000] [id=8880]
  0x00000235ec67caa0 ConcurrentGCThread "G1 Conc#0" [stack: 0x0000006902700000,0x0000006902800000] [id=14944]
  0x00000235ec6af480 ConcurrentGCThread "G1 Refine#0" [stack: 0x0000006902800000,0x0000006902900000] [id=864]
  0x0000023586ce91e0 ConcurrentGCThread "G1 Refine#1" [stack: 0x0000006903800000,0x0000006903900000] [id=528]
  0x00000235ec6afea0 ConcurrentGCThread "G1 Service" [stack: 0x0000006902900000,0x0000006902a00000] [id=6340]

Threads with active compile tasks:
C2 CompilerThread0    40515 5371       4       org.jetbrains.kotlin.resolve.DescriptorUtils::getFqName (29 bytes)

VM state: not at safepoint (normal execution)

VM Mutex/Monitor currently owned by a thread: None

Heap address: 0x00000000c5800000, size: 936 MB, Compressed Oops mode: 32-bit

CDS archive(s) not mapped
Compressed class space mapped at: 0x0000000100000000-0x0000000140000000, reserved size: 1073741824
Narrow klass base: 0x0000000000000000, Narrow klass shift: 3, Narrow klass range: 0x140000000

GC Precious Log:
 CPUs: 2 total, 2 available
 Memory: 3737M
 Large Page Support: Disabled
 NUMA Support: Disabled
 Compressed Oops: Enabled (32-bit)
 Heap Region Size: 1M
 Heap Min Capacity: 8M
 Heap Initial Capacity: 60M
 Heap Max Capacity: 936M
 Pre-touch: Disabled
 Parallel Workers: 2
 Concurrent Workers: 1
 Concurrent Refinement Workers: 2
 Periodic GC: Disabled

Heap:
 garbage-first heap   total 81920K, used 48031K [0x00000000c5800000, 0x0000000100000000)
  region size 1024K, 14 young (14336K), 4 survivors (4096K)
 Metaspace       used 56087K, committed 56320K, reserved 1105920K
  class space    used 6581K, committed 6720K, reserved 1048576K

Heap Regions: E=young(eden), S=young(survivor), O=old, HS=humongous(starts), HC=humongous(continues), CS=collection set, F=free, OA=open archive, CA=closed archive, TAMS=top-at-mark-start (previous, next)
|   0|0x00000000c5800000, 0x00000000c5900000, 0x00000000c5900000|100%|HS|  |TAMS 0x00000000c5900000, 0x00000000c5800000| Complete 
|   1|0x00000000c5900000, 0x00000000c5a00000, 0x00000000c5a00000|100%|HC|  |TAMS 0x00000000c5a00000, 0x00000000c5900000| Complete 
|   2|0x00000000c5a00000, 0x00000000c5b00000, 0x00000000c5b00000|100%|HC|  |TAMS 0x00000000c5b00000, 0x00000000c5a00000| Complete 
|   3|0x00000000c5b00000, 0x00000000c5c00000, 0x00000000c5c00000|100%|HC|  |TAMS 0x00000000c5c00000, 0x00000000c5b00000| Complete 
|   4|0x00000000c5c00000, 0x00000000c5d00000, 0x00000000c5d00000|100%| O|  |TAMS 0x00000000c5d00000, 0x00000000c5c00000| Untracked 
|   5|0x00000000c5d00000, 0x00000000c5e00000, 0x00000000c5e00000|100%| O|  |TAMS 0x00000000c5e00000, 0x00000000c5d00000| Untracked 
|   6|0x00000000c5e00000, 0x00000000c5f00000, 0x00000000c5f00000|100%| O|  |TAMS 0x00000000c5f00000, 0x00000000c5e00000| Untracked 
|   7|0x00000000c5f00000, 0x00000000c6000000, 0x00000000c6000000|100%|HS|  |TAMS 0x00000000c6000000, 0x00000000c5f00000| Complete 
|   8|0x00000000c6000000, 0x00000000c6100000, 0x00000000c6100000|100%|HC|  |TAMS 0x00000000c6100000, 0x00000000c6000000| Complete 
|   9|0x00000000c6100000, 0x00000000c6200000, 0x00000000c6200000|100%|HC|  |TAMS 0x00000000c6200000, 0x00000000c6100000| Complete 
|  10|0x00000000c6200000, 0x00000000c6300000, 0x00000000c6300000|100%|HC|  |TAMS 0x00000000c6300000, 0x00000000c6200000| Complete 
|  11|0x00000000c6300000, 0x00000000c6400000, 0x00000000c6400000|100%| O|  |TAMS 0x00000000c6400000, 0x00000000c6300000| Untracked 
|  12|0x00000000c6400000, 0x00000000c6500000, 0x00000000c6500000|100%| O|  |TAMS 0x00000000c6500000, 0x00000000c6400000| Untracked 
|  13|0x00000000c6500000, 0x00000000c6600000, 0x00000000c6600000|100%| O|  |TAMS 0x00000000c6500000, 0x00000000c6500000| Untracked 
|  14|0x00000000c6600000, 0x00000000c6700000, 0x00000000c6700000|100%| O|  |TAMS 0x00000000c6600000, 0x00000000c6600000| Untracked 
|  15|0x00000000c6700000, 0x00000000c6800000, 0x00000000c6800000|100%| O|  |TAMS 0x00000000c6800000, 0x00000000c6700000| Untracked 
|  16|0x00000000c6800000, 0x00000000c6900000, 0x00000000c6900000|100%| O|  |TAMS 0x00000000c6900000, 0x00000000c6800000| Untracked 
|  17|0x00000000c6900000, 0x00000000c6a00000, 0x00000000c6a00000|100%| O|  |TAMS 0x00000000c6a00000, 0x00000000c6900000| Untracked 
|  18|0x00000000c6a00000, 0x00000000c6b00000, 0x00000000c6b00000|100%| O|  |TAMS 0x00000000c6a00000, 0x00000000c6a00000| Untracked 
|  19|0x00000000c6b00000, 0x00000000c6c00000, 0x00000000c6c00000|100%| O|  |TAMS 0x00000000c6c00000, 0x00000000c6b00000| Untracked 
|  20|0x00000000c6c00000, 0x00000000c6d00000, 0x00000000c6d00000|100%| O|  |TAMS 0x00000000c6cb9600, 0x00000000c6c00000| Untracked 
|  21|0x00000000c6d00000, 0x00000000c6e00000, 0x00000000c6e00000|100%| O|  |TAMS 0x00000000c6d00000, 0x00000000c6d00000| Untracked 
|  22|0x00000000c6e00000, 0x00000000c6f00000, 0x00000000c6f00000|100%| O|  |TAMS 0x00000000c6e00000, 0x00000000c6e00000| Untracked 
|  23|0x00000000c6f00000, 0x00000000c7000000, 0x00000000c7000000|100%| O|  |TAMS 0x00000000c6f00000, 0x00000000c6f00000| Untracked 
|  24|0x00000000c7000000, 0x00000000c7100000, 0x00000000c7100000|100%| O|  |TAMS 0x00000000c7000000, 0x00000000c7000000| Untracked 
|  25|0x00000000c7100000, 0x00000000c7200000, 0x00000000c7200000|100%|HS|  |TAMS 0x00000000c7100000, 0x00000000c7100000| Complete 
|  26|0x00000000c7200000, 0x00000000c7300000, 0x00000000c7300000|100%|HC|  |TAMS 0x00000000c7200000, 0x00000000c7200000| Complete 
|  27|0x00000000c7300000, 0x00000000c7400000, 0x00000000c7400000|100%| O|  |TAMS 0x00000000c7300000, 0x00000000c7300000| Untracked 
|  28|0x00000000c7400000, 0x00000000c7500000, 0x00000000c7500000|100%| O|  |TAMS 0x00000000c7400000, 0x00000000c7400000| Untracked 
|  29|0x00000000c7500000, 0x00000000c7600000, 0x00000000c7600000|100%| O|  |TAMS 0x00000000c7500000, 0x00000000c7500000| Untracked 
|  30|0x00000000c7600000, 0x00000000c7700000, 0x00000000c7700000|100%| O|  |TAMS 0x00000000c7600000, 0x00000000c7600000| Untracked 
|  31|0x00000000c7700000, 0x00000000c77e7e00, 0x00000000c7800000| 90%| O|  |TAMS 0x00000000c7700000, 0x00000000c7700000| Untracked 
|  32|0x00000000c7800000, 0x00000000c7800000, 0x00000000c7900000|  0%| F|  |TAMS 0x00000000c7800000, 0x00000000c7800000| Untracked 
|  33|0x00000000c7900000, 0x00000000c7900000, 0x00000000c7a00000|  0%| F|  |TAMS 0x00000000c7900000, 0x00000000c7900000| Untracked 
|  34|0x00000000c7a00000, 0x00000000c7a00000, 0x00000000c7b00000|  0%| F|  |TAMS 0x00000000c7a00000, 0x00000000c7a00000| Untracked 
|  35|0x00000000c7b00000, 0x00000000c7b00000, 0x00000000c7c00000|  0%| F|  |TAMS 0x00000000c7b00000, 0x00000000c7b00000| Untracked 
|  36|0x00000000c7c00000, 0x00000000c7c00000, 0x00000000c7d00000|  0%| F|  |TAMS 0x00000000c7c00000, 0x00000000c7c00000| Untracked 
|  37|0x00000000c7d00000, 0x00000000c7d00000, 0x00000000c7e00000|  0%| F|  |TAMS 0x00000000c7d00000, 0x00000000c7d00000| Untracked 
|  38|0x00000000c7e00000, 0x00000000c7e00000, 0x00000000c7f00000|  0%| F|  |TAMS 0x00000000c7e00000, 0x00000000c7e00000| Untracked 
|  39|0x00000000c7f00000, 0x00000000c7f00000, 0x00000000c8000000|  0%| F|  |TAMS 0x00000000c7f00000, 0x00000000c7f00000| Untracked 
|  40|0x00000000c8000000, 0x00000000c8000000, 0x00000000c8100000|  0%| F|  |TAMS 0x00000000c8000000, 0x00000000c8000000| Untracked 
|  41|0x00000000c8100000, 0x00000000c8100000, 0x00000000c8200000|  0%| F|  |TAMS 0x00000000c8100000, 0x00000000c8100000| Untracked 
|  42|0x00000000c8200000, 0x00000000c8200000, 0x00000000c8300000|  0%| F|  |TAMS 0x00000000c8200000, 0x00000000c8200000| Untracked 
|  43|0x00000000c8300000, 0x00000000c8300000, 0x00000000c8400000|  0%| F|  |TAMS 0x00000000c8300000, 0x00000000c8300000| Untracked 
|  44|0x00000000c8400000, 0x00000000c8400000, 0x00000000c8500000|  0%| F|  |TAMS 0x00000000c8400000, 0x00000000c8400000| Untracked 
|  45|0x00000000c8500000, 0x00000000c8500000, 0x00000000c8600000|  0%| F|  |TAMS 0x00000000c8500000, 0x00000000c8500000| Untracked 
|  46|0x00000000c8600000, 0x00000000c8700000, 0x00000000c8700000|100%| S|CS|TAMS 0x00000000c8600000, 0x00000000c8600000| Complete 
|  47|0x00000000c8700000, 0x00000000c8800000, 0x00000000c8800000|100%| S|CS|TAMS 0x00000000c8700000, 0x00000000c8700000| Complete 
|  48|0x00000000c8800000, 0x00000000c8900000, 0x00000000c8900000|100%| S|CS|TAMS 0x00000000c8800000, 0x00000000c8800000| Complete 
|  49|0x00000000c8900000, 0x00000000c8a00000, 0x00000000c8a00000|100%| S|CS|TAMS 0x00000000c8900000, 0x00000000c8900000| Complete 
|  50|0x00000000c8a00000, 0x00000000c8a00000, 0x00000000c8b00000|  0%| F|  |TAMS 0x00000000c8a00000, 0x00000000c8a00000| Untracked 
|  51|0x00000000c8b00000, 0x00000000c8b00000, 0x00000000c8c00000|  0%| F|  |TAMS 0x00000000c8b00000, 0x00000000c8b00000| Untracked 
|  52|0x00000000c8c00000, 0x00000000c8c00000, 0x00000000c8d00000|  0%| F|  |TAMS 0x00000000c8c00000, 0x00000000c8c00000| Untracked 
|  53|0x00000000c8d00000, 0x00000000c8d00000, 0x00000000c8e00000|  0%| F|  |TAMS 0x00000000c8d00000, 0x00000000c8d00000| Untracked 
|  54|0x00000000c8e00000, 0x00000000c8e00000, 0x00000000c8f00000|  0%| F|  |TAMS 0x00000000c8e00000, 0x00000000c8e00000| Untracked 
|  55|0x00000000c8f00000, 0x00000000c8f00000, 0x00000000c9000000|  0%| F|  |TAMS 0x00000000c8f00000, 0x00000000c8f00000| Untracked 
|  56|0x00000000c9000000, 0x00000000c9000000, 0x00000000c9100000|  0%| F|  |TAMS 0x00000000c9000000, 0x00000000c9000000| Untracked 
|  57|0x00000000c9100000, 0x00000000c9100000, 0x00000000c9200000|  0%| F|  |TAMS 0x00000000c9100000, 0x00000000c9100000| Untracked 
|  58|0x00000000c9200000, 0x00000000c9200000, 0x00000000c9300000|  0%| F|  |TAMS 0x00000000c9200000, 0x00000000c9200000| Untracked 
|  59|0x00000000c9300000, 0x00000000c9300000, 0x00000000c9400000|  0%| F|  |TAMS 0x00000000c9300000, 0x00000000c9300000| Untracked 
|  60|0x00000000c9400000, 0x00000000c9400000, 0x00000000c9500000|  0%| F|  |TAMS 0x00000000c9400000, 0x00000000c9400000| Untracked 
|  61|0x00000000c9500000, 0x00000000c9500000, 0x00000000c9600000|  0%| F|  |TAMS 0x00000000c9500000, 0x00000000c9500000| Untracked 
|  62|0x00000000c9600000, 0x00000000c9600000, 0x00000000c9700000|  0%| F|  |TAMS 0x00000000c9600000, 0x00000000c9600000| Untracked 
|  63|0x00000000c9700000, 0x00000000c9700000, 0x00000000c9800000|  0%| F|  |TAMS 0x00000000c9700000, 0x00000000c9700000| Untracked 
|  64|0x00000000c9800000, 0x00000000c9800000, 0x00000000c9900000|  0%| F|  |TAMS 0x00000000c9800000, 0x00000000c9800000| Untracked 
|  65|0x00000000c9900000, 0x00000000c9900000, 0x00000000c9a00000|  0%| F|  |TAMS 0x00000000c9900000, 0x00000000c9900000| Untracked 
|  66|0x00000000c9a00000, 0x00000000c9a00000, 0x00000000c9b00000|  0%| F|  |TAMS 0x00000000c9a00000, 0x00000000c9a00000| Untracked 
|  67|0x00000000c9b00000, 0x00000000c9b00000, 0x00000000c9c00000|  0%| F|  |TAMS 0x00000000c9b00000, 0x00000000c9b00000| Untracked 
|  68|0x00000000c9c00000, 0x00000000c9c7a100, 0x00000000c9d00000| 47%| E|  |TAMS 0x00000000c9c00000, 0x00000000c9c00000| Complete 
|  69|0x00000000c9d00000, 0x00000000c9e00000, 0x00000000c9e00000|100%| E|CS|TAMS 0x00000000c9d00000, 0x00000000c9d00000| Complete 
|  70|0x00000000c9e00000, 0x00000000c9f00000, 0x00000000c9f00000|100%| E|CS|TAMS 0x00000000c9e00000, 0x00000000c9e00000| Complete 
|  71|0x00000000c9f00000, 0x00000000ca000000, 0x00000000ca000000|100%| E|CS|TAMS 0x00000000c9f00000, 0x00000000c9f00000| Complete 
|  72|0x00000000ca000000, 0x00000000ca100000, 0x00000000ca100000|100%| E|CS|TAMS 0x00000000ca000000, 0x00000000ca000000| Complete 
|  73|0x00000000ca100000, 0x00000000ca200000, 0x00000000ca200000|100%| E|CS|TAMS 0x00000000ca100000, 0x00000000ca100000| Complete 
|  74|0x00000000ca200000, 0x00000000ca300000, 0x00000000ca300000|100%| E|CS|TAMS 0x00000000ca200000, 0x00000000ca200000| Complete 
|  75|0x00000000ca300000, 0x00000000ca400000, 0x00000000ca400000|100%| E|CS|TAMS 0x00000000ca300000, 0x00000000ca300000| Complete 
|  76|0x00000000ca400000, 0x00000000ca500000, 0x00000000ca500000|100%| E|CS|TAMS 0x00000000ca400000, 0x00000000ca400000| Complete 
|  81|0x00000000ca900000, 0x00000000caa00000, 0x00000000caa00000|100%| E|CS|TAMS 0x00000000ca900000, 0x00000000ca900000| Complete 
| 934|0x00000000ffe00000, 0x00000000fff00000, 0x00000000fff00000|100%| O|  |TAMS 0x00000000fff00000, 0x00000000ffe00000| Untracked 
| 935|0x00000000fff00000, 0x0000000100000000, 0x0000000100000000|100%| O|  |TAMS 0x0000000100000000, 0x00000000fff00000| Untracked 

Card table byte_map: [0x00000235ec3f0000,0x00000235ec5d0000] _byte_map_base: 0x00000235ebdc4000

Marking Bits (Prev, Next): (CMBitMap*) 0x00000235ec6742a0, (CMBitMap*) 0x00000235ec674260
 Prev Bits: [0x0000023580000000, 0x0000023580ea0000)
 Next Bits: [0x00000235fece0000, 0x00000235ffb80000)

Polling page: 0x00000235ea510000

Metaspace:

Usage:
  Non-class:     48.35 MB used.
      Class:      6.43 MB used.
       Both:     54.77 MB used.

Virtual space:
  Non-class space:       56.00 MB reserved,      48.44 MB ( 86%) committed,  7 nodes.
      Class space:        1.00 GB reserved,       6.56 MB ( <1%) committed,  1 nodes.
             Both:        1.05 GB reserved,      55.00 MB (  5%) committed. 

Chunk freelists:
   Non-Class:  3.25 MB
       Class:  1.41 MB
        Both:  4.66 MB

MaxMetaspaceSize: unlimited
CompressedClassSpaceSize: 1.00 GB
Initial GC threshold: 21.00 MB
Current GC threshold: 61.50 MB
CDS: off
MetaspaceReclaimPolicy: balanced
 - commit_granule_bytes: 65536.
 - commit_granule_words: 8192.
 - virtual_space_node_default_size: 1048576.
 - enlarge_chunks_in_place: 1.
 - new_chunks_are_fully_committed: 0.
 - uncommit_free_chunks: 1.
 - use_allocation_guard: 0.
 - handle_deallocations: 1.


Internal statistics:

num_allocs_failed_limit: 3.
num_arena_births: 224.
num_arena_deaths: 0.
num_vsnodes_births: 8.
num_vsnodes_deaths: 0.
num_space_committed: 878.
num_space_uncommitted: 0.
num_chunks_returned_to_freelist: 3.
num_chunks_taken_from_freelist: 1838.
num_chunk_merges: 3.
num_chunk_splits: 1510.
num_chunks_enlarged: 1354.
num_purges: 0.
num_inconsistent_stats: 0.

CodeHeap 'non-profiled nmethods': size=120064Kb used=2607Kb max_used=2607Kb free=117456Kb
 bounds [0x00000235f75c0000, 0x00000235f7850000, 0x00000235feb00000]
CodeHeap 'profiled nmethods': size=120000Kb used=13150Kb max_used=13150Kb free=106849Kb
 bounds [0x00000235efb00000, 0x00000235f07e0000, 0x00000235f7030000]
CodeHeap 'non-nmethods': size=5696Kb used=1286Kb max_used=1331Kb free=4409Kb
 bounds [0x00000235f7030000, 0x00000235f72a0000, 0x00000235f75c0000]
 total_blobs=5941 nmethods=5331 adapters=522
 compilation: enabled
              stopped_count=0, restarted_count=0
 full_count=0

Compilation events (20 events):
Event: 40.451 Thread 0x0000023583828030 5374       3       org.jetbrains.kotlin.types.TypeUtils::getTypeParameterDescriptorOrNull (39 bytes)
Event: 40.451 Thread 0x0000023583828030 nmethod 5374 0x00000235f07ccd10 code [0x00000235f07ccf20, 0x00000235f07cd5e8]
Event: 40.452 Thread 0x0000023583828030 5375       3       org.jetbrains.kotlin.types.checker.SimpleClassicTypeSystemContext::isNullableType (6 bytes)
Event: 40.452 Thread 0x0000023583828030 nmethod 5375 0x00000235f07cd790 code [0x00000235f07cd920, 0x00000235f07cda48]
Event: 40.452 Thread 0x0000023583828030 5376       3       org.jetbrains.kotlin.types.checker.SimpleClassicTypeSystemContext::hasAnnotation (7 bytes)
Event: 40.452 Thread 0x0000023583828030 nmethod 5376 0x00000235f07cdb10 code [0x00000235f07cdca0, 0x00000235f07cddc8]
Event: 40.454 Thread 0x0000023583828030 5377       3       org.jetbrains.kotlin.resolve.OverridingUtilTypeSystemContext::upperBound (6 bytes)
Event: 40.454 Thread 0x0000023583828030 nmethod 5377 0x00000235f07cde90 code [0x00000235f07ce020, 0x00000235f07ce148]
Event: 40.455 Thread 0x0000023583828030 5378       3       org.jetbrains.kotlin.load.kotlin.JvmTypeFactoryImpl::createPrimitiveType (6 bytes)
Event: 40.455 Thread 0x0000023583828030 nmethod 5378 0x00000235f07ce210 code [0x00000235f07ce3a0, 0x00000235f07ce4e8]
Event: 40.456 Thread 0x0000023583828030 5380       3       org.jetbrains.kotlin.load.java.typeEnhancement.SignatureEnhancement::enhanceValueParameter (68 bytes)
Event: 40.457 Thread 0x0000023583828030 nmethod 5380 0x00000235f07ce590 code [0x00000235f07ce760, 0x00000235f07cec88]
Event: 40.457 Thread 0x0000023583828030 5381       3       kotlin.collections.CollectionsKt___CollectionsKt::zip (125 bytes)
Event: 40.461 Thread 0x0000023583828030 nmethod 5381 0x00000235f07cee90 code [0x00000235f07cf360, 0x00000235f07d1a78]
Event: 40.464 Thread 0x0000023583828030 5382       3       org.jetbrains.kotlin.types.checker.ClassicTypeSystemContext$DefaultImpls::asDynamicType (86 bytes)
Event: 40.466 Thread 0x0000023583828030 nmethod 5382 0x00000235f07d2790 code [0x00000235f07d2b20, 0x00000235f07d4078]
Event: 40.469 Thread 0x0000023583828030 5383       3       org.jetbrains.kotlin.load.java.typeEnhancement.SignatureEnhancement$enhanceSignature$valueParameterEnhancements$1$1::invoke (41 bytes)
Event: 40.470 Thread 0x0000023583828030 nmethod 5383 0x00000235f07d4710 code [0x00000235f07d4980, 0x00000235f07d5458]
Event: 40.471 Thread 0x0000023583828030 5384       3       org.jetbrains.kotlin.serialization.deserialization.descriptors.DeserializedClassDescriptor::isExpect (24 bytes)
Event: 40.472 Thread 0x0000023583828030 nmethod 5384 0x00000235f07d5810 code [0x00000235f07d59e0, 0x00000235f07d5d98]

GC Heap History (20 events):
Event: 12.743 GC heap before
{Heap before GC invocations=7 (full 0):
 garbage-first heap   total 39936K, used 29944K [0x00000000c5800000, 0x0000000100000000)
  region size 1024K, 14 young (14336K), 1 survivors (1024K)
 Metaspace       used 31330K, committed 31616K, reserved 1081344K
  class space    used 3771K, committed 3904K, reserved 1048576K
}
Event: 12.749 GC heap after
{Heap after GC invocations=8 (full 0):
 garbage-first heap   total 39936K, used 17616K [0x00000000c5800000, 0x0000000100000000)
  region size 1024K, 2 young (2048K), 2 survivors (2048K)
 Metaspace       used 31330K, committed 31616K, reserved 1081344K
  class space    used 3771K, committed 3904K, reserved 1048576K
}
Event: 14.681 GC heap before
{Heap before GC invocations=8 (full 0):
 garbage-first heap   total 39936K, used 31952K [0x00000000c5800000, 0x0000000100000000)
  region size 1024K, 14 young (14336K), 2 survivors (2048K)
 Metaspace       used 32389K, committed 32640K, reserved 1081344K
  class space    used 4069K, committed 4160K, reserved 1048576K
}
Event: 14.693 GC heap after
{Heap after GC invocations=9 (full 0):
 garbage-first heap   total 39936K, used 22643K [0x00000000c5800000, 0x0000000100000000)
  region size 1024K, 2 young (2048K), 2 survivors (2048K)
 Metaspace       used 32389K, committed 32640K, reserved 1081344K
  class space    used 4069K, committed 4160K, reserved 1048576K
}
Event: 15.071 GC heap before
{Heap before GC invocations=9 (full 0):
 garbage-first heap   total 39936K, used 29811K [0x00000000c5800000, 0x0000000100000000)
  region size 1024K, 9 young (9216K), 2 survivors (2048K)
 Metaspace       used 34600K, committed 34880K, reserved 1081344K
  class space    used 4354K, committed 4480K, reserved 1048576K
}
Event: 15.077 GC heap after
{Heap after GC invocations=10 (full 0):
 garbage-first heap   total 39936K, used 23176K [0x00000000c5800000, 0x0000000100000000)
  region size 1024K, 1 young (1024K), 1 survivors (1024K)
 Metaspace       used 34600K, committed 34880K, reserved 1081344K
  class space    used 4354K, committed 4480K, reserved 1048576K
}
Event: 15.447 GC heap before
{Heap before GC invocations=11 (full 0):
 garbage-first heap   total 43008K, used 30344K [0x00000000c5800000, 0x0000000100000000)
  region size 1024K, 8 young (8192K), 1 survivors (1024K)
 Metaspace       used 35993K, committed 36224K, reserved 1081344K
  class space    used 4515K, committed 4608K, reserved 1048576K
}
Event: 15.451 GC heap after
{Heap after GC invocations=12 (full 0):
 garbage-first heap   total 43008K, used 24293K [0x00000000c5800000, 0x0000000100000000)
  region size 1024K, 1 young (1024K), 1 survivors (1024K)
 Metaspace       used 35993K, committed 36224K, reserved 1081344K
  class space    used 4515K, committed 4608K, reserved 1048576K
}
Event: 15.873 GC heap before
{Heap before GC invocations=12 (full 0):
 garbage-first heap   total 43008K, used 32485K [0x00000000c5800000, 0x0000000100000000)
  region size 1024K, 9 young (9216K), 1 survivors (1024K)
 Metaspace       used 37431K, committed 37696K, reserved 1089536K
  class space    used 4682K, committed 4800K, reserved 1048576K
}
Event: 15.880 GC heap after
{Heap after GC invocations=13 (full 0):
 garbage-first heap   total 86016K, used 23552K [0x00000000c5800000, 0x0000000100000000)
  region size 1024K, 2 young (2048K), 2 survivors (2048K)
 Metaspace       used 37431K, committed 37696K, reserved 1089536K
  class space    used 4682K, committed 4800K, reserved 1048576K
}
Event: 18.920 GC heap before
{Heap before GC invocations=14 (full 0):
 garbage-first heap   total 81920K, used 58368K [0x00000000c5800000, 0x0000000100000000)
  region size 1024K, 36 young (36864K), 2 survivors (2048K)
 Metaspace       used 45588K, committed 45824K, reserved 1089536K
  class space    used 5471K, committed 5568K, reserved 1048576K
}
Event: 18.936 GC heap after
{Heap after GC invocations=15 (full 0):
 garbage-first heap   total 81920K, used 26601K [0x00000000c5800000, 0x0000000100000000)
  region size 1024K, 5 young (5120K), 5 survivors (5120K)
 Metaspace       used 45588K, committed 45824K, reserved 1089536K
  class space    used 5471K, committed 5568K, reserved 1048576K
}
Event: 19.034 GC heap before
{Heap before GC invocations=15 (full 0):
 garbage-first heap   total 81920K, used 27625K [0x00000000c5800000, 0x0000000100000000)
  region size 1024K, 6 young (6144K), 5 survivors (5120K)
 Metaspace       used 45864K, committed 46080K, reserved 1097728K
  class space    used 5509K, committed 5568K, reserved 1048576K
}
Event: 19.048 GC heap after
{Heap after GC invocations=16 (full 0):
 garbage-first heap   total 81920K, used 27069K [0x00000000c5800000, 0x0000000100000000)
  region size 1024K, 1 young (1024K), 1 survivors (1024K)
 Metaspace       used 45864K, committed 46080K, reserved 1097728K
  class space    used 5509K, committed 5568K, reserved 1048576K
}
Event: 22.455 GC heap before
{Heap before GC invocations=16 (full 0):
 garbage-first heap   total 81920K, used 60861K [0x00000000c5800000, 0x0000000100000000)
  region size 1024K, 31 young (31744K), 1 survivors (1024K)
 Metaspace       used 50713K, committed 51008K, reserved 1097728K
  class space    used 6082K, committed 6208K, reserved 1048576K
}
Event: 22.468 GC heap after
{Heap after GC invocations=17 (full 0):
 garbage-first heap   total 81920K, used 33175K [0x00000000c5800000, 0x0000000100000000)
  region size 1024K, 4 young (4096K), 4 survivors (4096K)
 Metaspace       used 50713K, committed 51008K, reserved 1097728K
  class space    used 6082K, committed 6208K, reserved 1048576K
}
Event: 25.571 GC heap before
{Heap before GC invocations=17 (full 0):
 garbage-first heap   total 81920K, used 59799K [0x00000000c5800000, 0x0000000100000000)
  region size 1024K, 30 young (30720K), 4 survivors (4096K)
 Metaspace       used 51134K, committed 51456K, reserved 1097728K
  class space    used 6114K, committed 6272K, reserved 1048576K
}
Event: 25.583 GC heap after
{Heap after GC invocations=18 (full 0):
 garbage-first heap   total 81920K, used 34415K [0x00000000c5800000, 0x0000000100000000)
  region size 1024K, 2 young (2048K), 2 survivors (2048K)
 Metaspace       used 51134K, committed 51456K, reserved 1097728K
  class space    used 6114K, committed 6272K, reserved 1048576K
}
Event: 35.575 GC heap before
{Heap before GC invocations=18 (full 0):
 garbage-first heap   total 81920K, used 61039K [0x00000000c5800000, 0x0000000100000000)
  region size 1024K, 28 young (28672K), 2 survivors (2048K)
 Metaspace       used 55579K, committed 55872K, reserved 1105920K
  class space    used 6561K, committed 6720K, reserved 1048576K
}
Event: 35.592 GC heap after
{Heap after GC invocations=19 (full 0):
 garbage-first heap   total 81920K, used 38815K [0x00000000c5800000, 0x0000000100000000)
  region size 1024K, 4 young (4096K), 4 survivors (4096K)
 Metaspace       used 55579K, committed 55872K, reserved 1105920K
  class space    used 6561K, committed 6720K, reserved 1048576K
}

Dll operation events (2 events):
Event: 0.013 Loaded shared library C:\Program Files\Android\Android Studio\jbr\bin\java.dll
Event: 6.753 Loaded shared library C:\Program Files\Android\Android Studio\jbr\bin\verify.dll

Deoptimization events (20 events):
Event: 37.223 Thread 0x00000235ec63be00 Uncommon trap: trap_request=0xffffffc6 fr.pc=0x00000235f7825c50 relative=0x0000000000000730
Event: 37.223 Thread 0x00000235ec63be00 Uncommon trap: reason=bimorphic_or_optimized_type_check action=maybe_recompile pc=0x00000235f7825c50 method=kotlin.sequences.FlatteningSequence$iterator$1.ensureItemIterator()Z @ 45 c2
Event: 37.223 Thread 0x00000235ec63be00 DEOPT PACKING pc=0x00000235f7825c50 sp=0x00000069023fa4e0
Event: 37.223 Thread 0x00000235ec63be00 DEOPT UNPACKING pc=0x00000235f708699d sp=0x00000069023fa498 mode 2
Event: 37.338 Thread 0x00000235ec63be00 Uncommon trap: trap_request=0xffffffc6 fr.pc=0x00000235f7825bec relative=0x00000000000006cc
Event: 37.338 Thread 0x00000235ec63be00 Uncommon trap: reason=bimorphic_or_optimized_type_check action=maybe_recompile pc=0x00000235f7825bec method=kotlin.sequences.SequencesKt__SequencesKt$flatten$1.invoke(Lkotlin/sequences/Sequence;)Ljava/util/Iterator; @ 7 c2
Event: 37.338 Thread 0x00000235ec63be00 DEOPT PACKING pc=0x00000235f7825bec sp=0x00000069023fab30
Event: 37.338 Thread 0x00000235ec63be00 DEOPT UNPACKING pc=0x00000235f708699d sp=0x00000069023faa18 mode 2
Event: 37.338 Thread 0x00000235ec63be00 Uncommon trap: trap_request=0xffffffc6 fr.pc=0x00000235f7825bc4 relative=0x00000000000006a4
Event: 37.338 Thread 0x00000235ec63be00 Uncommon trap: reason=bimorphic_or_optimized_type_check action=maybe_recompile pc=0x00000235f7825bc4 method=kotlin.sequences.FlatteningSequence$iterator$1.ensureItemIterator()Z @ 8 c2
Event: 37.338 Thread 0x00000235ec63be00 DEOPT PACKING pc=0x00000235f7825bc4 sp=0x00000069023faad0
Event: 37.339 Thread 0x00000235ec63be00 DEOPT UNPACKING pc=0x00000235f708699d sp=0x00000069023faa88 mode 2
Event: 37.339 Thread 0x00000235ec63be00 Uncommon trap: trap_request=0xffffffc6 fr.pc=0x00000235f7825bc4 relative=0x00000000000006a4
Event: 37.339 Thread 0x00000235ec63be00 Uncommon trap: reason=bimorphic_or_optimized_type_check action=maybe_recompile pc=0x00000235f7825bc4 method=kotlin.sequences.FlatteningSequence$iterator$1.ensureItemIterator()Z @ 8 c2
Event: 37.339 Thread 0x00000235ec63be00 DEOPT PACKING pc=0x00000235f7825bc4 sp=0x00000069023fab30
Event: 37.339 Thread 0x00000235ec63be00 DEOPT UNPACKING pc=0x00000235f708699d sp=0x00000069023faae8 mode 2
Event: 37.339 Thread 0x00000235ec63be00 Uncommon trap: trap_request=0xffffffc6 fr.pc=0x00000235f7825bc4 relative=0x00000000000006a4
Event: 37.339 Thread 0x00000235ec63be00 Uncommon trap: reason=bimorphic_or_optimized_type_check action=maybe_recompile pc=0x00000235f7825bc4 method=kotlin.sequences.FlatteningSequence$iterator$1.ensureItemIterator()Z @ 8 c2
Event: 37.339 Thread 0x00000235ec63be00 DEOPT PACKING pc=0x00000235f7825bc4 sp=0x00000069023faad0
Event: 37.339 Thread 0x00000235ec63be00 DEOPT UNPACKING pc=0x00000235f708699d sp=0x00000069023faa88 mode 2

Classes unloaded (0 events):
No events

Classes redefined (0 events):
No events

Internal exceptions (20 events):
Event: 7.680 Thread 0x00000235ec63be00 Exception <a 'java/lang/NoSuchMethodError'{0x00000000c7947f38}: 'int java.lang.invoke.DirectMethodHandle$Holder.invokeStaticInit(java.lang.Object, java.lang.Object)'> (0x00000000c7947f38) 
thrown [s\src\hotspot\share\interpreter\linkResolver.cpp, line 771]
Event: 7.779 Thread 0x00000235ec63be00 Exception <a 'java/lang/NoSuchMethodError'{0x00000000c7823c18}: 'void java.lang.invoke.DirectMethodHandle$Holder.invokeSpecial(java.lang.Object, java.lang.Object, java.lang.Object)'> (0x00000000c7823c18) 
thrown [s\src\hotspot\share\interpreter\linkResolver.cpp, line 771]
Event: 9.243 Thread 0x00000235ec63be00 Exception <a 'java/lang/NoSuchMethodError'{0x00000000c689a850}: 'void java.lang.invoke.DirectMethodHandle$Holder.invokeStatic(java.lang.Object, java.lang.Object, java.lang.Object, java.lang.Object)'> (0x00000000c689a850) 
thrown [s\src\hotspot\share\interpreter\linkResolver.cpp, line 771]
Event: 10.977 Thread 0x00000235ec63be00 Exception <a 'java/lang/NoSuchMethodError'{0x00000000c7a46c80}: 'void java.lang.invoke.DirectMethodHandle$Holder.invokeStaticInit(java.lang.Object, java.lang.Object)'> (0x00000000c7a46c80) 
thrown [s\src\hotspot\share\interpreter\linkResolver.cpp, line 771]
Event: 11.456 Thread 0x00000235ec63be00 Exception <a 'java/lang/NoSuchMethodError'{0x00000000c766c0b8}: 'void java.lang.invoke.DirectMethodHandle$Holder.invokeVirtual(java.lang.Object, java.lang.Object)'> (0x00000000c766c0b8) 
thrown [s\src\hotspot\share\interpreter\linkResolver.cpp, line 771]
Event: 11.523 Thread 0x00000235ec63be00 Exception <a 'java/lang/NoSuchMethodError'{0x00000000c76fcb38}: 'int java.lang.invoke.DirectMethodHandle$Holder.invokeVirtual(java.lang.Object, java.lang.Object)'> (0x00000000c76fcb38) 
thrown [s\src\hotspot\share\interpreter\linkResolver.cpp, line 771]
Event: 11.591 Thread 0x00000235ec63be00 Exception <a 'java/lang/NoSuchMethodError'{0x00000000c75a3ef0}: 'java.lang.Object java.lang.invoke.Invokers$Holder.invokeExact_MT(java.lang.Object, java.lang.Object, java.lang.Object, java.lang.Object, java.lang.Object, java.lang.Object)'> (0x00000000c75a3ef0) 
thrown [s\src\hotspot\share\interpreter\linkResolver.cpp, line 771]
Event: 15.551 Thread 0x00000235ec63be00 Exception <a 'java/lang/NoSuchMethodError'{0x00000000c7e33400}: 'java.lang.Object java.lang.invoke.DirectMethodHandle$Holder.invokeVirtual(java.lang.Object, java.lang.Object, java.lang.Object)'> (0x00000000c7e33400) 
thrown [s\src\hotspot\share\interpreter\linkResolver.cpp, line 771]
Event: 18.800 Thread 0x00000235ec63be00 Exception <a 'java/lang/NoSuchMethodError'{0x00000000c8595e10}: 'java.lang.Object java.lang.invoke.DirectMethodHandle$Holder.invokeInterface(java.lang.Object, java.lang.Object)'> (0x00000000c8595e10) 
thrown [s\src\hotspot\share\interpreter\linkResolver.cpp, line 771]
Event: 19.000 Thread 0x00000235ec63be00 Exception <a 'java/lang/NoSuchMethodError'{0x00000000ca98fb78}: 'java.lang.Object java.lang.invoke.DirectMethodHandle$Holder.newInvokeSpecial(java.lang.Object, java.lang.Object, java.lang.Object, int)'> (0x00000000ca98fb78) 
thrown [s\src\hotspot\share\interpreter\linkResolver.cpp, line 771]
Event: 19.000 Thread 0x00000235ec63be00 Exception <a 'java/lang/NoSuchMethodError'{0x00000000ca994450}: 'java.lang.Object java.lang.invoke.DirectMethodHandle$Holder.invokeSpecial(java.lang.Object, java.lang.Object, java.lang.Object, java.lang.Object, int)'> (0x00000000ca994450) 
thrown [s\src\hotspot\share\interpreter\linkResolver.cpp, line 771]
Event: 19.001 Thread 0x00000235ec63be00 Exception <a 'java/lang/NoSuchMethodError'{0x00000000ca9982c0}: 'java.lang.Object java.lang.invoke.Invokers$Holder.linkToTargetMethod(java.lang.Object, java.lang.Object, int, java.lang.Object)'> (0x00000000ca9982c0) 
thrown [s\src\hotspot\share\interpreter\linkResolver.cpp, line 771]
Event: 20.828 Thread 0x00000235ec63be00 Exception <a 'java/lang/NoSuchMethodError'{0x00000000c98acc58}: 'java.lang.Object java.lang.invoke.DirectMethodHandle$Holder.newInvokeSpecial(java.lang.Object, java.lang.Object, int)'> (0x00000000c98acc58) 
thrown [s\src\hotspot\share\interpreter\linkResolver.cpp, line 771]
Event: 21.803 Thread 0x00000235ec63be00 Exception <a 'java/lang/NoSuchMethodError'{0x00000000c8d6ac48}: 'java.lang.Object java.lang.invoke.DirectMethodHandle$Holder.newInvokeSpecial(java.lang.Object, java.lang.Object, java.lang.Object, java.lang.Object, java.lang.Object, java.lang.Object, java.lang.Object, java.lang.Object)'> (0x00000000c8d6ac48) 
thrown [s\src\hotspot\share\interpreter\linkResolver.cpp, line 771]
Event: 21.804 Thread 0x00000235ec63be00 Exception <a 'java/lang/NoSuchMethodError'{0x00000000c8d70260}: 'java.lang.Object java.lang.invoke.DirectMethodHandle$Holder.invokeSpecial(java.lang.Object, java.lang.Object, java.lang.Object, java.lang.Object, java.lang.Object, java.lang.Object, java.lang.Object, java.lang.Object, java.lang.Object)'> (0x00000000c8d70260) 
thrown [s\src\hotspot\share\interpreter\linkResolver.cpp, line 771]
Event: 21.804 Thread 0x00000235ec63be00 Exception <a 'java/lang/NoSuchMethodError'{0x00000000c8d75190}: 'java.lang.Object java.lang.invoke.Invokers$Holder.linkToTargetMethod(java.lang.Object, java.lang.Object, java.lang.Object, java.lang.Object, java.lang.Object, java.lang.Object, java.lang.Object, java.lang.Object)'> (0x00000000c8d75190) 
thrown [s\src\hotspot\share\interpreter\linkResolver.cpp, line 771]
Event: 31.991 Thread 0x00000235ec63be00 Exception <a 'java/lang/NoSuchMethodError'{0x00000000c941d4e0}: 'java.lang.Object java.lang.invoke.DirectMethodHandle$Holder.invokeStaticInit(java.lang.Object, java.lang.Object, java.lang.Object)'> (0x00000000c941d4e0) 
thrown [s\src\hotspot\share\interpreter\linkResolver.cpp, line 771]
Event: 32.000 Thread 0x00000235ec63be00 Implicit null exception at 0x00000235f77c3a3d to 0x00000235f77c4120
Event: 32.008 Thread 0x00000235ec63be00 Exception <a 'java/lang/NoSuchMethodError'{0x00000000c9462988}: 'java.lang.Object java.lang.invoke.DirectMethodHandle$Holder.newInvokeSpecial(java.lang.Object, int, java.lang.Object)'> (0x00000000c9462988) 
thrown [s\src\hotspot\share\interpreter\linkResolver.cpp, line 771]
Event: 32.009 Thread 0x00000235ec63be00 Exception <a 'java/lang/NoSuchMethodError'{0x00000000c9468df0}: 'int java.lang.invoke.DirectMethodHandle$Holder.invokeInterface(java.lang.Object, java.lang.Object)'> (0x00000000c9468df0) 
thrown [s\src\hotspot\share\interpreter\linkResolver.cpp, line 771]

VM Operations (20 events):
Event: 31.430 Executing VM operation: HandshakeAllThreads
Event: 31.430 Executing VM operation: HandshakeAllThreads done
Event: 31.454 Executing VM operation: HandshakeAllThreads
Event: 31.454 Executing VM operation: HandshakeAllThreads done
Event: 32.505 Executing VM operation: Cleanup
Event: 32.868 Executing VM operation: Cleanup done
Event: 33.873 Executing VM operation: Cleanup
Event: 33.874 Executing VM operation: Cleanup done
Event: 34.884 Executing VM operation: Cleanup
Event: 35.053 Executing VM operation: Cleanup done
Event: 35.390 Executing VM operation: HandshakeAllThreads
Event: 35.390 Executing VM operation: HandshakeAllThreads done
Event: 35.575 Executing VM operation: G1CollectForAllocation
Event: 35.592 Executing VM operation: G1CollectForAllocation done
Event: 36.300 Executing VM operation: ICBufferFull
Event: 36.300 Executing VM operation: ICBufferFull done
Event: 37.301 Executing VM operation: Cleanup
Event: 37.337 Executing VM operation: Cleanup done
Event: 38.367 Executing VM operation: Cleanup
Event: 39.765 Executing VM operation: Cleanup done

Events (20 events):
Event: 21.418 loading class java/util/stream/ReduceOps$ReduceOp done
Event: 21.418 loading class java/util/stream/ReduceOps$3 done
Event: 21.418 loading class java/util/stream/ReduceOps$3ReducingSink
Event: 21.418 loading class java/util/stream/ReduceOps$AccumulatingSink
Event: 21.418 loading class java/util/stream/ReduceOps$AccumulatingSink done
Event: 21.418 loading class java/util/stream/ReduceOps$Box
Event: 21.418 loading class java/util/stream/ReduceOps$Box done
Event: 21.418 loading class java/util/stream/ReduceOps$3ReducingSink done
Event: 21.418 loading class java/util/stream/ReferencePipeline$2$1
Event: 21.418 loading class java/util/stream/ReferencePipeline$2$1 done
Event: 21.641 loading class java/util/Collections$SingletonMap
Event: 21.642 loading class java/util/Collections$SingletonMap done
Event: 21.754 loading class java/util/function/IntUnaryOperator
Event: 21.754 loading class java/util/function/IntUnaryOperator done
Event: 27.940 loading class java/util/RegularEnumSet$EnumSetIterator
Event: 27.940 loading class java/util/RegularEnumSet$EnumSetIterator done
Event: 31.456 loading class java/util/ComparableTimSort
Event: 31.456 loading class java/util/ComparableTimSort done
Event: 31.998 loading class java/security/CodeSigner
Event: 31.998 loading class java/security/CodeSigner done


Dynamic libraries:
0x00007ff63d370000 - 0x00007ff63d37a000 	C:\Program Files\Android\Android Studio\jbr\bin\java.exe
0x00007ff9c7610000 - 0x00007ff9c7827000 	C:\WINDOWS\SYSTEM32\ntdll.dll
0x00007ff9c6900000 - 0x00007ff9c69c4000 	C:\WINDOWS\System32\KERNEL32.DLL
0x00007ff9c4d20000 - 0x00007ff9c50c5000 	C:\WINDOWS\System32\KERNELBASE.dll
0x00007ff9c4b60000 - 0x00007ff9c4c71000 	C:\WINDOWS\System32\ucrtbase.dll
0x00007ff9b23b0000 - 0x00007ff9b23c7000 	C:\Program Files\Android\Android Studio\jbr\bin\jli.dll
0x00007ff9c6e20000 - 0x00007ff9c6fce000 	C:\WINDOWS\System32\USER32.dll
0x00007ff9c49f0000 - 0x00007ff9c4a16000 	C:\WINDOWS\System32\win32u.dll
0x00007ff9c68d0000 - 0x00007ff9c68f9000 	C:\WINDOWS\System32\GDI32.dll
0x00007ff9c50d0000 - 0x00007ff9c51e9000 	C:\WINDOWS\System32\gdi32full.dll
0x00007ff9c4c80000 - 0x00007ff9c4d1a000 	C:\WINDOWS\System32\msvcp_win.dll
0x00007ff9ac120000 - 0x00007ff9ac13b000 	C:\Program Files\Android\Android Studio\jbr\bin\VCRUNTIME140.dll
0x00007ff9b0c90000 - 0x00007ff9b0f23000 	C:\WINDOWS\WinSxS\amd64_microsoft.windows.common-controls_6595b64144ccf1df_6.0.22621.2506_none_270c5ae97388e100\COMCTL32.dll
0x00007ff9c6d70000 - 0x00007ff9c6e17000 	C:\WINDOWS\System32\msvcrt.dll
0x00007ff9c6fd0000 - 0x00007ff9c7001000 	C:\WINDOWS\System32\IMM32.DLL
0x00007ff9b3e10000 - 0x00007ff9b3e1c000 	C:\Program Files\Android\Android Studio\jbr\bin\vcruntime140_1.dll
0x00007ff98dab0000 - 0x00007ff98db3d000 	C:\Program Files\Android\Android Studio\jbr\bin\msvcp140.dll
0x00007ff94df40000 - 0x00007ff94ebae000 	C:\Program Files\Android\Android Studio\jbr\bin\server\jvm.dll
0x00007ff9c6770000 - 0x00007ff9c6821000 	C:\WINDOWS\System32\ADVAPI32.dll
0x00007ff9c7090000 - 0x00007ff9c7136000 	C:\WINDOWS\System32\sechost.dll
0x00007ff9c5b80000 - 0x00007ff9c5c97000 	C:\WINDOWS\System32\RPCRT4.dll
0x00007ff9c1220000 - 0x00007ff9c1229000 	C:\WINDOWS\SYSTEM32\WSOCK32.dll
0x00007ff9c5ca0000 - 0x00007ff9c5d11000 	C:\WINDOWS\System32\WS2_32.dll
0x00007ff9b5120000 - 0x00007ff9b5154000 	C:\WINDOWS\SYSTEM32\WINMM.dll
0x00007ff9c0c90000 - 0x00007ff9c0c9a000 	C:\WINDOWS\SYSTEM32\VERSION.dll
0x00007ff9c3920000 - 0x00007ff9c3938000 	C:\WINDOWS\SYSTEM32\kernel.appcore.dll
0x00007ff9c0d50000 - 0x00007ff9c0d5a000 	C:\Program Files\Android\Android Studio\jbr\bin\jimage.dll
0x00007ff9c2570000 - 0x00007ff9c27a3000 	C:\WINDOWS\SYSTEM32\DBGHELP.DLL
0x00007ff9c7240000 - 0x00007ff9c75c9000 	C:\WINDOWS\System32\combase.dll
0x00007ff9c6c90000 - 0x00007ff9c6d67000 	C:\WINDOWS\System32\OLEAUT32.dll
0x00007ff9a7770000 - 0x00007ff9a77a2000 	C:\WINDOWS\SYSTEM32\dbgcore.DLL
0x00007ff9c4a20000 - 0x00007ff9c4a9a000 	C:\WINDOWS\System32\bcryptPrimitives.dll
0x00007ff9b37f0000 - 0x00007ff9b3815000 	C:\Program Files\Android\Android Studio\jbr\bin\java.dll
0x00007ff9b52e0000 - 0x00007ff9b52f8000 	C:\Program Files\Android\Android Studio\jbr\bin\zip.dll
0x00007ff9c5d30000 - 0x00007ff9c6589000 	C:\WINDOWS\System32\SHELL32.dll
0x00007ff9c27b0000 - 0x00007ff9c30a4000 	C:\WINDOWS\SYSTEM32\windows.storage.dll
0x00007ff9c2430000 - 0x00007ff9c256e000 	C:\WINDOWS\SYSTEM32\wintypes.dll
0x00007ff9c7140000 - 0x00007ff9c7233000 	C:\WINDOWS\System32\SHCORE.dll
0x00007ff9c6ad0000 - 0x00007ff9c6b2e000 	C:\WINDOWS\System32\shlwapi.dll
0x00007ff9c48b0000 - 0x00007ff9c48d6000 	C:\WINDOWS\SYSTEM32\profapi.dll
0x00007ff9b3df0000 - 0x00007ff9b3e09000 	C:\Program Files\Android\Android Studio\jbr\bin\net.dll
0x00007ff9bb750000 - 0x00007ff9bb887000 	C:\WINDOWS\SYSTEM32\WINHTTP.dll
0x00007ff9c3e00000 - 0x00007ff9c3e69000 	C:\WINDOWS\system32\mswsock.dll
0x00007ff9b2410000 - 0x00007ff9b2426000 	C:\Program Files\Android\Android Studio\jbr\bin\nio.dll
0x00007ff9b5380000 - 0x00007ff9b5390000 	C:\Program Files\Android\Android Studio\jbr\bin\verify.dll

dbghelp: loaded successfully - version: 4.0.5 - missing functions: none
symbol engine: initialized successfully - sym options: 0x614 - pdb path: .;C:\Program Files\Android\Android Studio\jbr\bin;C:\WINDOWS\SYSTEM32;C:\WINDOWS\WinSxS\amd64_microsoft.windows.common-controls_6595b64144ccf1df_6.0.22621.2506_none_270c5ae97388e100;C:\Program Files\Android\Android Studio\jbr\bin\server

VM Arguments:
java_command: org.jetbrains.kotlin.cli.jvm.K2JVMCompiler @C:\Android_Studio\Tugas\App\app\build\20231207_304310627980864465.compiler.options
java_class_path (initial): C:\Users\Leohafs\.gradle\caches\modules-2\files-2.1\org.jetbrains.kotlin\kotlin-compiler-embeddable\1.8.0\eb9118d4bcceaa2a94b2ae2a33a4ddba7c9a947f\kotlin-compiler-embeddable-1.8.0.jar;C:\Users\Leohafs\.gradle\caches\modules-2\files-2.1\org.jetbrains.kotlin\kotlin-stdlib\1.8.0\1796921c7a3e2e2665a83e6c8d33399336cd39bc\kotlin-stdlib-1.8.0.jar;C:\Users\Leohafs\.gradle\caches\modules-2\files-2.1\org.jetbrains.kotlin\kotlin-script-runtime\1.8.0\b2f7e760d283cb339974851c222a4c1d48f2d3d\kotlin-script-runtime-1.8.0.jar;C:\Users\Leohafs\.gradle\caches\modules-2\files-2.1\org.jetbrains.kotlin\kotlin-reflect\1.6.10\1cbe9c92c12a94eea200d23c2bbaedaf3daf5132\kotlin-reflect-1.6.10.jar;C:\Users\Leohafs\.gradle\caches\modules-2\files-2.1\org.jetbrains.kotlin\kotlin-daemon-embeddable\1.8.0\d255216c551685dc3a7e852b53617f5f01aaaa5c\kotlin-daemon-embeddable-1.8.0.jar;C:\Users\Leohafs\.gradle\caches\modules-2\files-2.1\org.jetbrains.intellij.deps\trove4j\1.0.20200330\3afb14d5f9ceb459d724e907a21145e8ff394f02\trove4j-1.0.20200330.jar;C:\Users\Leohafs\.gradle\caches\modules-2\files-2.1\net.java.dev.jna\jna\5.6.0\330f2244e9030119ab3030fc3fededc86713d9cc\jna-5.6.0.jar;C:\Users\Leohafs\.gradle\caches\modules-2\files-2.1\org.jetbrains.kotlin\kotlin-stdlib-common\1.8.0\f7197e7cc76453ac59f8b0f8d5137cc600becd36\kotlin-stdlib-common-1.8.0.jar;C:\Users\Leohafs\.gradle\caches\modules-2\files-2.1\org.jetbrains\annotations\13.0\919f0dfe192fb4e063e7dacadee7f8bb9a2672a9\annotations-13.0.jar
Launcher Type: SUN_STANDARD

[Global flags]
     intx CICompilerCount                          = 2                                         {product} {ergonomic}
     uint ConcGCThreads                            = 1                                         {product} {ergonomic}
     uint G1ConcRefinementThreads                  = 2                                         {product} {ergonomic}
   size_t G1HeapRegionSize                         = 1048576                                   {product} {ergonomic}
    uintx GCDrainStackTargetSize                   = 64                                        {product} {ergonomic}
   size_t InitialHeapSize                          = 62914560                                  {product} {ergonomic}
   size_t MarkStackSize                            = 4194304                                   {product} {ergonomic}
   size_t MaxHeapSize                              = 981467136                                 {product} {ergonomic}
   size_t MaxNewSize                               = 588251136                                 {product} {ergonomic}
   size_t MinHeapDeltaBytes                        = 1048576                                   {product} {ergonomic}
   size_t MinHeapSize                              = 8388608                                   {product} {ergonomic}
    uintx NonNMethodCodeHeapSize                   = 5826188                                {pd product} {ergonomic}
    uintx NonProfiledCodeHeapSize                  = 122916026                              {pd product} {ergonomic}
    uintx ProfiledCodeHeapSize                     = 122916026                              {pd product} {ergonomic}
    uintx ReservedCodeCacheSize                    = 251658240                              {pd product} {ergonomic}
     bool SegmentedCodeCache                       = true                                      {product} {ergonomic}
   size_t SoftMaxHeapSize                          = 981467136                              {manageable} {ergonomic}
     bool UseCompressedClassPointers               = true                           {product lp64_product} {ergonomic}
     bool UseCompressedOops                        = true                           {product lp64_product} {ergonomic}
     bool UseG1GC                                  = true                                      {product} {ergonomic}
     bool UseLargePagesIndividualAllocation        = false                                  {pd product} {ergonomic}

Logging:
Log output configuration:
 #0: stdout all=warning uptime,level,tags
 #1: stderr all=off uptime,level,tags

Environment Variables:
PATH=C:\Program Files (x86)\NVIDIA Corporation\PhysX\Common;C:\Program Files\Common Files\Oracle\Java\javapath;C:\Program Files (x86)\Common Files\Oracle\Java\javapath;C:\WINDOWS\system32;C:\WINDOWS;C:\WINDOWS\System32\Wbem;C:\WINDOWS\System32\WindowsPowerShell\v1.0\;C:\WINDOWS\System32\OpenSSH\;C:\Program Files\Git\cmd;C:\Program Files\PuTTY\;C:\Program Files\MongoDB\Server\5.0\bin;C:\Program Files\nodejs\;C:\Program Files\MySQL\MySQL Server 8.0\bin;C:\Program Files\MySQL\MySQL Shell 8.0\bin\;C:\Users\Leohafs\AppData\Local\Programs\Python\Python310\Scripts\;C:\Users\Leohafs\AppData\Local\Programs\Python\Python310\;C:\Users\Leohafs\AppData\Local\Microsoft\WindowsApps;C:\Users\Leohafs\AppData\Local\Programs\Microsoft VS Code\bin;C:\xampp\php;C:\Users\Leohafs\AppData\Local\ComposerSetup\bin;C:\Users\Leohafs\AppData\Roaming\Composer\vendor\bin;C:\Users\Leohafs\AppData\Roaming\npm;;C:\Program Files\JetBrains\IntelliJ IDEA Community Edition 2023.2\bin;
USERNAME=Leohafs
OS=Windows_NT
PROCESSOR_IDENTIFIER=Intel64 Family 6 Model 122 Stepping 8, GenuineIntel
TMP=C:\Users\Leohafs\AppData\Local\Temp
TEMP=C:\Users\Leohafs\AppData\Local\Temp


JNI global refs:
JNI global refs: 7, weak refs: 2

JNI global refs memory usage: 843, weak refs: 841


---------------  S Y S T E M  ---------------

OS:
 Windows 11 , 64 bit Build 22621 (10.0.22621.2506)
OS uptime: 2 days 6:32 hours

CPU: total 2 (initial active 2) (2 cores per cpu, 1 threads per core) family 6 model 122 stepping 8 microcode 0x1a, cx8, cmov, fxsr, mmx, 3dnowpref, sse, sse2, sse3, ssse3, sse4.1, sse4.2, popcnt, tsc, tscinvbit, aes, erms, clmul, sha, clflush, clflushopt

Memory: 4k page, system-wide physical 3737M (156M free)
TotalPageFile size 15001M (AvailPageFile size 3M)
current process WorkingSet (physical memory assigned to process): 202M, peak: 216M
current process commit charge ("private bytes"): 242M, peak: 247M

vm_info: OpenJDK 64-Bit Server VM (17.0.6+0-b2043.56-10027231) for windows-amd64 JRE (17.0.6+0-b2043.56-10027231), built on Apr 28 2023 00:43:19 by "androidbuild" with MS VC++ 16.10 / 16.11 (VS2019)

END.
